<?xml version="1.0" encoding="UTF-8"?>
<!-- Generated by org.testng.reporters.JUnitReportReporter -->
<testsuite hostname="DESKTOP-C0K1LII" failures="0" tests="1" name="TestClasses.VerifyUserCanLogIn" time="4.159" errors="0" timestamp="2022-07-27T14:31:42 IST" skipped="0">
  <testcase classname="TestClasses.VerifyUserCanLogIn" name="verifyUserCanLogin" time="4.159"/>
  <system-out/>
</testsuite> <!-- TestClasses.VerifyUserCanLogIn -->
